*** Starting uWSGI 2.0.17 (64bit) on [Sat May 12 09:18:13 2018] ***
compiled with version: 4.8.5 20150623 (Red Hat 4.8.5-16) on 15 March 2018 11:09:34
os: Linux-3.10.0-514.21.1.el7.x86_64 #1 SMP Thu May 25 17:04:51 UTC 2017
nodename: VM_186_195_centos
machine: x86_64
clock source: unix
pcre jit disabled
detected number of CPU cores: 1
current working directory: /root/mi/python/find_keyword2_1/dj_scrapy2
writing pidfile to /root/mi/python/find_keyword2_1/dj_scrapy2/uwsgi.pid
detected binary path: /root/.virtualenvs/py3/bin/uwsgi
uWSGI running as root, you can use --uid/--gid/--chroot options
*** WARNING: you are running uWSGI as root !!! (use the --uid flag) *** 
chdir() to /root/mi/python/find_keyword2_1/dj_scrapy2
your processes number limit is 7284
your memory page size is 4096 bytes
 *** WARNING: you have enabled harakiri without post buffering. Slow upload could be rejected on post-unbuffered webservers *** 
detected max file descriptor number: 100001
lock engine: pthread robust mutexes
thunder lock: disabled (you can enable it with --thunder-lock)
uwsgi socket 0 bound to TCP address 127.0.0.1:9000 fd 3
uWSGI running as root, you can use --uid/--gid/--chroot options
*** WARNING: you are running uWSGI as root !!! (use the --uid flag) *** 
Python version: 3.6.4 (default, Mar 15 2018, 01:55:41)  [GCC 4.8.5 20150623 (Red Hat 4.8.5-16)]
Python main interpreter initialized at 0x19cec80
uWSGI running as root, you can use --uid/--gid/--chroot options
*** WARNING: you are running uWSGI as root !!! (use the --uid flag) *** 
python threads support enabled
your server socket listen backlog is limited to 100 connections
your mercy for graceful operations on workers is 60 seconds
mapped 889416 bytes (868 KB) for 8 cores
*** Operational MODE: preforking ***
WSGI app 0 (mountpoint='') ready in 0 seconds on interpreter 0x19cec80 pid: 17476 (default app)
uWSGI running as root, you can use --uid/--gid/--chroot options
*** WARNING: you are running uWSGI as root !!! (use the --uid flag) *** 
*** uWSGI is running in multiple interpreter mode ***
spawned uWSGI master process (pid: 17476)
spawned uWSGI worker 1 (pid: 17480, cores: 1)
spawned uWSGI worker 2 (pid: 17481, cores: 1)
spawned uWSGI worker 3 (pid: 17482, cores: 1)
spawned uWSGI worker 4 (pid: 17483, cores: 1)
spawned uWSGI worker 5 (pid: 17484, cores: 1)
spawned uWSGI worker 6 (pid: 17485, cores: 1)
spawned uWSGI worker 7 (pid: 17486, cores: 1)
spawned uWSGI worker 8 (pid: 17487, cores: 1)
<Response [200]> <class 'str'>
Internal Server Error: /getOpenid/
Traceback (most recent call last):
  File "/root/.virtualenvs/py3/lib/python3.6/site-packages/django/core/handlers/exception.py", line 39, in inner
    response = get_response(request)
  File "/root/.virtualenvs/py3/lib/python3.6/site-packages/django/core/handlers/base.py", line 187, in _get_response
    response = self.process_exception_by_middleware(e, request)
  File "/root/.virtualenvs/py3/lib/python3.6/site-packages/django/core/handlers/base.py", line 185, in _get_response
    response = wrapped_callback(request, *callback_args, **callback_kwargs)
  File "./hello/views.py", line 26, in getOpenid
    openid=response.text.get('openid')
AttributeError: 'str' object has no attribute 'get'
[pid: 17480|app: 0|req: 1/1] 111.114.39.73 () {50 vars in 755 bytes} [Sat May 12 09:18:40 2018] POST /getOpenid/ => generated 59712 bytes in 350 msecs (HTTP/1.1 500) 3 headers in 106 bytes (1 switches on core 0)
<Response [200]> <class 'str'>
Internal Server Error: /getOpenid/
Traceback (most recent call last):
  File "/root/.virtualenvs/py3/lib/python3.6/site-packages/django/core/handlers/exception.py", line 39, in inner
    response = get_response(request)
  File "/root/.virtualenvs/py3/lib/python3.6/site-packages/django/core/handlers/base.py", line 187, in _get_response
    response = self.process_exception_by_middleware(e, request)
  File "/root/.virtualenvs/py3/lib/python3.6/site-packages/django/core/handlers/base.py", line 185, in _get_response
    response = wrapped_callback(request, *callback_args, **callback_kwargs)
  File "./hello/views.py", line 26, in getOpenid
    openid=response.text.get('openid')
AttributeError: 'str' object has no attribute 'get'
[pid: 17480|app: 0|req: 2/2] 111.114.39.73 () {50 vars in 755 bytes} [Sat May 12 09:19:17 2018] POST /getOpenid/ => generated 59712 bytes in 176 msecs (HTTP/1.1 500) 3 headers in 106 bytes (1 switches on core 0)
*** Starting uWSGI 2.0.17 (64bit) on [Sat May 12 09:23:09 2018] ***
compiled with version: 4.8.5 20150623 (Red Hat 4.8.5-16) on 15 March 2018 11:09:34
os: Linux-3.10.0-514.21.1.el7.x86_64 #1 SMP Thu May 25 17:04:51 UTC 2017
nodename: VM_186_195_centos
machine: x86_64
clock source: unix
pcre jit disabled
detected number of CPU cores: 1
current working directory: /root/mi/python/find_keyword2_1/dj_scrapy2
writing pidfile to /root/mi/python/find_keyword2_1/dj_scrapy2/uwsgi.pid
detected binary path: /root/.virtualenvs/py3/bin/uwsgi
uWSGI running as root, you can use --uid/--gid/--chroot options
*** WARNING: you are running uWSGI as root !!! (use the --uid flag) *** 
chdir() to /root/mi/python/find_keyword2_1/dj_scrapy2
your processes number limit is 7284
your memory page size is 4096 bytes
 *** WARNING: you have enabled harakiri without post buffering. Slow upload could be rejected on post-unbuffered webservers *** 
detected max file descriptor number: 100001
lock engine: pthread robust mutexes
thunder lock: disabled (you can enable it with --thunder-lock)
uwsgi socket 0 bound to TCP address 127.0.0.1:9000 fd 3
uWSGI running as root, you can use --uid/--gid/--chroot options
*** WARNING: you are running uWSGI as root !!! (use the --uid flag) *** 
Python version: 3.6.4 (default, Mar 15 2018, 01:55:41)  [GCC 4.8.5 20150623 (Red Hat 4.8.5-16)]
Python main interpreter initialized at 0x22fec80
uWSGI running as root, you can use --uid/--gid/--chroot options
*** WARNING: you are running uWSGI as root !!! (use the --uid flag) *** 
python threads support enabled
your server socket listen backlog is limited to 100 connections
your mercy for graceful operations on workers is 60 seconds
mapped 889416 bytes (868 KB) for 8 cores
*** Operational MODE: preforking ***
WSGI app 0 (mountpoint='') ready in 0 seconds on interpreter 0x22fec80 pid: 17746 (default app)
uWSGI running as root, you can use --uid/--gid/--chroot options
*** WARNING: you are running uWSGI as root !!! (use the --uid flag) *** 
*** uWSGI is running in multiple interpreter mode ***
spawned uWSGI master process (pid: 17746)
spawned uWSGI worker 1 (pid: 17750, cores: 1)
spawned uWSGI worker 2 (pid: 17751, cores: 1)
spawned uWSGI worker 3 (pid: 17752, cores: 1)
spawned uWSGI worker 4 (pid: 17753, cores: 1)
spawned uWSGI worker 5 (pid: 17754, cores: 1)
spawned uWSGI worker 6 (pid: 17755, cores: 1)
spawned uWSGI worker 7 (pid: 17756, cores: 1)
spawned uWSGI worker 8 (pid: 17757, cores: 1)
<Response [200]> <class 'str'>
Internal Server Error: /getOpenid/
Traceback (most recent call last):
  File "/root/.virtualenvs/py3/lib/python3.6/site-packages/django/core/handlers/exception.py", line 39, in inner
    response = get_response(request)
  File "/root/.virtualenvs/py3/lib/python3.6/site-packages/django/core/handlers/base.py", line 187, in _get_response
    response = self.process_exception_by_middleware(e, request)
  File "/root/.virtualenvs/py3/lib/python3.6/site-packages/django/core/handlers/base.py", line 185, in _get_response
    response = wrapped_callback(request, *callback_args, **callback_kwargs)
  File "./hello/views.py", line 26, in getOpenid
    openid=response.text.get('openid')
AttributeError: 'str' object has no attribute 'get'
[pid: 17750|app: 0|req: 1/1] 111.114.39.73 () {50 vars in 755 bytes} [Sat May 12 09:23:29 2018] POST /getOpenid/ => generated 59712 bytes in 368 msecs (HTTP/1.1 500) 3 headers in 106 bytes (1 switches on core 0)
<Response [200]> <class 'str'>
Internal Server Error: /getOpenid/
Traceback (most recent call last):
  File "/root/.virtualenvs/py3/lib/python3.6/site-packages/django/core/handlers/exception.py", line 39, in inner
    response = get_response(request)
  File "/root/.virtualenvs/py3/lib/python3.6/site-packages/django/core/handlers/base.py", line 187, in _get_response
    response = self.process_exception_by_middleware(e, request)
  File "/root/.virtualenvs/py3/lib/python3.6/site-packages/django/core/handlers/base.py", line 185, in _get_response
    response = wrapped_callback(request, *callback_args, **callback_kwargs)
  File "./hello/views.py", line 26, in getOpenid
    openid=response.text.get('openid')
AttributeError: 'str' object has no attribute 'get'
[pid: 17750|app: 0|req: 2/2] 111.114.39.73 () {50 vars in 755 bytes} [Sat May 12 09:23:39 2018] POST /getOpenid/ => generated 59712 bytes in 177 msecs (HTTP/1.1 500) 3 headers in 106 bytes (1 switches on core 0)
*** Starting uWSGI 2.0.17 (64bit) on [Sat May 12 09:24:43 2018] ***
compiled with version: 4.8.5 20150623 (Red Hat 4.8.5-16) on 15 March 2018 11:09:34
os: Linux-3.10.0-514.21.1.el7.x86_64 #1 SMP Thu May 25 17:04:51 UTC 2017
nodename: VM_186_195_centos
machine: x86_64
clock source: unix
pcre jit disabled
detected number of CPU cores: 1
current working directory: /root/mi/python/find_keyword2_1/dj_scrapy2
writing pidfile to /root/mi/python/find_keyword2_1/dj_scrapy2/uwsgi.pid
detected binary path: /root/.virtualenvs/py3/bin/uwsgi
uWSGI running as root, you can use --uid/--gid/--chroot options
*** WARNING: you are running uWSGI as root !!! (use the --uid flag) *** 
chdir() to /root/mi/python/find_keyword2_1/dj_scrapy2
your processes number limit is 7284
your memory page size is 4096 bytes
 *** WARNING: you have enabled harakiri without post buffering. Slow upload could be rejected on post-unbuffered webservers *** 
detected max file descriptor number: 100001
lock engine: pthread robust mutexes
thunder lock: disabled (you can enable it with --thunder-lock)
uwsgi socket 0 bound to TCP address 127.0.0.1:9000 fd 3
uWSGI running as root, you can use --uid/--gid/--chroot options
*** WARNING: you are running uWSGI as root !!! (use the --uid flag) *** 
Python version: 3.6.4 (default, Mar 15 2018, 01:55:41)  [GCC 4.8.5 20150623 (Red Hat 4.8.5-16)]
Python main interpreter initialized at 0x249cc80
uWSGI running as root, you can use --uid/--gid/--chroot options
*** WARNING: you are running uWSGI as root !!! (use the --uid flag) *** 
python threads support enabled
your server socket listen backlog is limited to 100 connections
your mercy for graceful operations on workers is 60 seconds
mapped 889416 bytes (868 KB) for 8 cores
*** Operational MODE: preforking ***
WSGI app 0 (mountpoint='') ready in 0 seconds on interpreter 0x249cc80 pid: 17833 (default app)
uWSGI running as root, you can use --uid/--gid/--chroot options
*** WARNING: you are running uWSGI as root !!! (use the --uid flag) *** 
*** uWSGI is running in multiple interpreter mode ***
spawned uWSGI master process (pid: 17833)
spawned uWSGI worker 1 (pid: 17837, cores: 1)
spawned uWSGI worker 2 (pid: 17838, cores: 1)
spawned uWSGI worker 3 (pid: 17839, cores: 1)
spawned uWSGI worker 4 (pid: 17840, cores: 1)
spawned uWSGI worker 5 (pid: 17841, cores: 1)
spawned uWSGI worker 6 (pid: 17842, cores: 1)
spawned uWSGI worker 7 (pid: 17843, cores: 1)
spawned uWSGI worker 8 (pid: 17844, cores: 1)
{'session_key': 'ddESFoG9gTo9coYwYNtZbA==', 'openid': 'oAVAu5QK5gLVPsjX50q5X28jFU24'} <class 'dict'>
[pid: 17837|app: 0|req: 1/1] 111.114.39.73 () {50 vars in 755 bytes} [Sat May 12 09:25:33 2018] POST /getOpenid/ => generated 28 bytes in 314 msecs (HTTP/1.1 200) 2 headers in 88 bytes (1 switches on core 0)
{'session_key': 'QLPpsb7RTD0U34bNVt8bgA==', 'openid': 'oAVAu5QK5gLVPsjX50q5X28jFU24'} <class 'dict'>
[pid: 17837|app: 0|req: 2/2] 111.114.39.73 () {50 vars in 755 bytes} [Sat May 12 09:25:46 2018] POST /getOpenid/ => generated 28 bytes in 156 msecs (HTTP/1.1 200) 2 headers in 88 bytes (1 switches on core 0)
{'session_key': 'QLPpsb7RTD0U34bNVt8bgA==', 'openid': 'oAVAu5QK5gLVPsjX50q5X28jFU24'} <class 'dict'>
[pid: 17837|app: 0|req: 3/3] 111.114.39.73 () {50 vars in 755 bytes} [Sat May 12 09:26:03 2018] POST /getOpenid/ => generated 28 bytes in 160 msecs (HTTP/1.1 200) 2 headers in 88 bytes (1 switches on core 0)
{'session_key': '2tl1/t1GnvetO9QAf6mfSA==', 'openid': 'oAVAu5QK5gLVPsjX50q5X28jFU24'} <class 'dict'>
[pid: 17837|app: 0|req: 4/4] 111.114.39.73 () {50 vars in 755 bytes} [Sat May 12 09:31:59 2018] POST /getOpenid/ => generated 28 bytes in 167 msecs (HTTP/1.1 200) 2 headers in 88 bytes (1 switches on core 0)
{'session_key': 'I/pTs0Ri/2RXpGx52alSXA==', 'openid': 'oAVAu5QK5gLVPsjX50q5X28jFU24'} <class 'dict'>
[pid: 17837|app: 0|req: 5/5] 111.114.39.73 () {50 vars in 755 bytes} [Sat May 12 09:37:51 2018] POST /getOpenid/ => generated 28 bytes in 181 msecs (HTTP/1.1 200) 2 headers in 88 bytes (1 switches on core 0)
[pid: 17837|app: 0|req: 6/6] 101.226.68.215 () {40 vars in 672 bytes} [Sat May 12 09:38:07 2018] GET /getOpenid => generated 0 bytes in 1 msecs (HTTP/1.1 301) 2 headers in 97 bytes (1 switches on core 0)
Internal Server Error: /getOpenid/
Traceback (most recent call last):
  File "/root/.virtualenvs/py3/lib/python3.6/site-packages/django/core/handlers/exception.py", line 39, in inner
    response = get_response(request)
  File "/root/.virtualenvs/py3/lib/python3.6/site-packages/django/core/handlers/base.py", line 198, in _get_response
    "returned None instead." % (callback.__module__, view_name)
ValueError: The view hello.views.getOpenid didn't return an HttpResponse object. It returned None instead.
[pid: 17837|app: 0|req: 7/7] 101.226.68.215 () {42 vars in 729 bytes} [Sat May 12 09:38:07 2018] GET /getOpenid/ => generated 49779 bytes in 50 msecs (HTTP/1.1 500) 3 headers in 106 bytes (1 switches on core 0)
{'session_key': 'I/pTs0Ri/2RXpGx52alSXA==', 'openid': 'oAVAu5QK5gLVPsjX50q5X28jFU24'} <class 'dict'>
[pid: 17837|app: 0|req: 8/8] 111.114.39.73 () {50 vars in 755 bytes} [Sat May 12 09:39:16 2018] POST /getOpenid/ => generated 28 bytes in 162 msecs (HTTP/1.1 200) 2 headers in 88 bytes (1 switches on core 0)
{'session_key': 'nkeIwVYxrSHiLXRIhfUN0A==', 'openid': 'oAVAu5QK5gLVPsjX50q5X28jFU24'} <class 'dict'>
[pid: 17837|app: 0|req: 9/9] 111.114.39.73 () {50 vars in 755 bytes} [Sat May 12 09:45:56 2018] POST /getOpenid/ => generated 28 bytes in 169 msecs (HTTP/1.1 200) 2 headers in 88 bytes (1 switches on core 0)
{'session_key': 'nkeIwVYxrSHiLXRIhfUN0A==', 'openid': 'oAVAu5QK5gLVPsjX50q5X28jFU24'} <class 'dict'>
[pid: 17837|app: 0|req: 10/10] 111.114.39.73 () {50 vars in 755 bytes} [Sat May 12 09:46:07 2018] POST /getOpenid/ => generated 28 bytes in 153 msecs (HTTP/1.1 200) 2 headers in 88 bytes (1 switches on core 0)
{'session_key': 'ixftyvLm+bZMSc0srdI1DQ==', 'openid': 'oAVAu5QK5gLVPsjX50q5X28jFU24'} <class 'dict'>
[pid: 17837|app: 0|req: 11/11] 111.114.39.73 () {50 vars in 755 bytes} [Sat May 12 09:50:22 2018] POST /getOpenid/ => generated 28 bytes in 138 msecs (HTTP/1.1 200) 2 headers in 88 bytes (1 switches on core 0)
{'session_key': 'xdpz+XTZoL9dGhkqTYyn9g==', 'openid': 'oAVAu5QK5gLVPsjX50q5X28jFU24'} <class 'dict'>
[pid: 17837|app: 0|req: 12/12] 111.114.39.73 () {50 vars in 755 bytes} [Sat May 12 09:55:39 2018] POST /getOpenid/ => generated 28 bytes in 159 msecs (HTTP/1.1 200) 2 headers in 88 bytes (1 switches on core 0)
{'session_key': 'xdpz+XTZoL9dGhkqTYyn9g==', 'openid': 'oAVAu5QK5gLVPsjX50q5X28jFU24'} <class 'dict'>
[pid: 17837|app: 0|req: 13/13] 111.114.39.73 () {50 vars in 755 bytes} [Sat May 12 09:55:56 2018] POST /getOpenid/ => generated 28 bytes in 155 msecs (HTTP/1.1 200) 2 headers in 88 bytes (1 switches on core 0)
{'session_key': 'LRW8ux9OsY7IscEZ+Ii9IQ==', 'openid': 'oAVAu5QK5gLVPsjX50q5X28jFU24'} <class 'dict'>
[pid: 17837|app: 0|req: 14/14] 111.114.39.73 () {50 vars in 755 bytes} [Sat May 12 09:58:19 2018] POST /getOpenid/ => generated 28 bytes in 176 msecs (HTTP/1.1 200) 2 headers in 88 bytes (1 switches on core 0)
{'session_key': 'LRW8ux9OsY7IscEZ+Ii9IQ==', 'openid': 'oAVAu5QK5gLVPsjX50q5X28jFU24'} <class 'dict'>
[pid: 17837|app: 0|req: 15/15] 111.114.39.73 () {50 vars in 755 bytes} [Sat May 12 10:00:11 2018] POST /getOpenid/ => generated 28 bytes in 165 msecs (HTTP/1.1 200) 2 headers in 88 bytes (1 switches on core 0)
{'session_key': 'UEaVAFLy/WMPQru7XGdlMw==', 'openid': 'oAVAu5QK5gLVPsjX50q5X28jFU24'} <class 'dict'>
[pid: 17837|app: 0|req: 16/16] 111.114.39.73 () {50 vars in 755 bytes} [Sat May 12 10:00:21 2018] POST /getOpenid/ => generated 28 bytes in 142 msecs (HTTP/1.1 200) 2 headers in 88 bytes (1 switches on core 0)
{'session_key': 'UEaVAFLy/WMPQru7XGdlMw==', 'openid': 'oAVAu5QK5gLVPsjX50q5X28jFU24'} <class 'dict'>
[pid: 17837|app: 0|req: 17/17] 111.114.39.73 () {50 vars in 755 bytes} [Sat May 12 10:01:36 2018] POST /getOpenid/ => generated 28 bytes in 170 msecs (HTTP/1.1 200) 2 headers in 88 bytes (1 switches on core 0)
{'session_key': 'UEaVAFLy/WMPQru7XGdlMw==', 'openid': 'oAVAu5QK5gLVPsjX50q5X28jFU24'} <class 'dict'>
[pid: 17837|app: 0|req: 18/18] 111.114.39.73 () {50 vars in 755 bytes} [Sat May 12 10:01:42 2018] POST /getOpenid/ => generated 28 bytes in 156 msecs (HTTP/1.1 200) 2 headers in 88 bytes (1 switches on core 0)
{'session_key': 'UEaVAFLy/WMPQru7XGdlMw==', 'openid': 'oAVAu5QK5gLVPsjX50q5X28jFU24'} <class 'dict'>
[pid: 17837|app: 0|req: 19/19] 111.114.39.73 () {50 vars in 755 bytes} [Sat May 12 10:01:52 2018] POST /getOpenid/ => generated 28 bytes in 160 msecs (HTTP/1.1 200) 2 headers in 88 bytes (1 switches on core 0)
{'session_key': '6itrE6E5qJmI+hlXwctLUQ==', 'openid': 'oAVAu5QK5gLVPsjX50q5X28jFU24'} <class 'dict'>
[pid: 17837|app: 0|req: 20/20] 111.114.39.73 () {50 vars in 755 bytes} [Sat May 12 10:12:29 2018] POST /getOpenid/ => generated 28 bytes in 179 msecs (HTTP/1.1 200) 2 headers in 88 bytes (1 switches on core 0)
*** Starting uWSGI 2.0.17 (64bit) on [Sat May 12 10:18:19 2018] ***
compiled with version: 4.8.5 20150623 (Red Hat 4.8.5-16) on 15 March 2018 11:09:34
os: Linux-3.10.0-514.21.1.el7.x86_64 #1 SMP Thu May 25 17:04:51 UTC 2017
nodename: VM_186_195_centos
machine: x86_64
clock source: unix
pcre jit disabled
detected number of CPU cores: 1
current working directory: /root/mi/python/find_keyword2_1/dj_scrapy2
writing pidfile to /root/mi/python/find_keyword2_1/dj_scrapy2/script/uwsgi.pid
detected binary path: /root/.virtualenvs/py3/bin/uwsgi
uWSGI running as root, you can use --uid/--gid/--chroot options
*** WARNING: you are running uWSGI as root !!! (use the --uid flag) *** 
chdir() to /root/mi/python/find_keyword2_1/dj_scrapy2
your processes number limit is 7284
your memory page size is 4096 bytes
 *** WARNING: you have enabled harakiri without post buffering. Slow upload could be rejected on post-unbuffered webservers *** 
detected max file descriptor number: 100001
lock engine: pthread robust mutexes
thunder lock: disabled (you can enable it with --thunder-lock)
uwsgi socket 0 bound to TCP address 127.0.0.1:9000 fd 3
uWSGI running as root, you can use --uid/--gid/--chroot options
*** WARNING: you are running uWSGI as root !!! (use the --uid flag) *** 
Python version: 3.6.4 (default, Mar 15 2018, 01:55:41)  [GCC 4.8.5 20150623 (Red Hat 4.8.5-16)]
Python main interpreter initialized at 0x18c9c80
uWSGI running as root, you can use --uid/--gid/--chroot options
*** WARNING: you are running uWSGI as root !!! (use the --uid flag) *** 
python threads support enabled
your server socket listen backlog is limited to 100 connections
your mercy for graceful operations on workers is 60 seconds
mapped 889416 bytes (868 KB) for 8 cores
*** Operational MODE: preforking ***
WSGI app 0 (mountpoint='') ready in 0 seconds on interpreter 0x18c9c80 pid: 20273 (default app)
uWSGI running as root, you can use --uid/--gid/--chroot options
*** WARNING: you are running uWSGI as root !!! (use the --uid flag) *** 
*** uWSGI is running in multiple interpreter mode ***
spawned uWSGI master process (pid: 20273)
spawned uWSGI worker 1 (pid: 20277, cores: 1)
spawned uWSGI worker 2 (pid: 20278, cores: 1)
spawned uWSGI worker 3 (pid: 20279, cores: 1)
spawned uWSGI worker 4 (pid: 20280, cores: 1)
spawned uWSGI worker 5 (pid: 20281, cores: 1)
spawned uWSGI worker 6 (pid: 20282, cores: 1)
spawned uWSGI worker 7 (pid: 20283, cores: 1)
spawned uWSGI worker 8 (pid: 20284, cores: 1)
{'session_key': '51vuQTsjNcdBk9XZJdOxZQ==', 'openid': 'oAVAu5QK5gLVPsjX50q5X28jFU24'} <class 'dict'>
[pid: 20277|app: 0|req: 1/1] 111.114.39.73 () {50 vars in 755 bytes} [Sat May 12 10:29:46 2018] POST /getOpenid/ => generated 28 bytes in 301 msecs (HTTP/1.1 200) 2 headers in 88 bytes (1 switches on core 0)
{'session_key': '51vuQTsjNcdBk9XZJdOxZQ==', 'openid': 'oAVAu5QK5gLVPsjX50q5X28jFU24'} <class 'dict'>
[pid: 20277|app: 0|req: 2/2] 111.114.39.73 () {50 vars in 755 bytes} [Sat May 12 10:30:31 2018] POST /getOpenid/ => generated 28 bytes in 150 msecs (HTTP/1.1 200) 2 headers in 88 bytes (1 switches on core 0)
{'session_key': '51vuQTsjNcdBk9XZJdOxZQ==', 'openid': 'oAVAu5QK5gLVPsjX50q5X28jFU24'} <class 'dict'>
[pid: 20277|app: 0|req: 3/3] 111.114.39.73 () {50 vars in 755 bytes} [Sat May 12 10:30:54 2018] POST /getOpenid/ => generated 28 bytes in 143 msecs (HTTP/1.1 200) 2 headers in 88 bytes (1 switches on core 0)
{'session_key': '51vuQTsjNcdBk9XZJdOxZQ==', 'openid': 'oAVAu5QK5gLVPsjX50q5X28jFU24'} <class 'dict'>
[pid: 20277|app: 0|req: 4/4] 111.114.39.73 () {50 vars in 755 bytes} [Sat May 12 10:31:02 2018] POST /getOpenid/ => generated 28 bytes in 166 msecs (HTTP/1.1 200) 2 headers in 88 bytes (1 switches on core 0)
{'session_key': '51vuQTsjNcdBk9XZJdOxZQ==', 'openid': 'oAVAu5QK5gLVPsjX50q5X28jFU24'} <class 'dict'>
[pid: 20277|app: 0|req: 5/5] 111.114.39.73 () {50 vars in 755 bytes} [Sat May 12 10:31:30 2018] POST /getOpenid/ => generated 28 bytes in 170 msecs (HTTP/1.1 200) 2 headers in 88 bytes (1 switches on core 0)
{'session_key': '0C4LqlEU0+NuG3YS7DOedw==', 'openid': 'oAVAu5QK5gLVPsjX50q5X28jFU24'} <class 'dict'>
[pid: 20277|app: 0|req: 6/6] 111.114.39.73 () {50 vars in 755 bytes} [Sat May 12 10:31:49 2018] POST /getOpenid/ => generated 28 bytes in 153 msecs (HTTP/1.1 200) 2 headers in 88 bytes (1 switches on core 0)
{'session_key': '0C4LqlEU0+NuG3YS7DOedw==', 'openid': 'oAVAu5QK5gLVPsjX50q5X28jFU24'} <class 'dict'>
[pid: 20277|app: 0|req: 7/7] 111.114.39.73 () {50 vars in 755 bytes} [Sat May 12 10:32:53 2018] POST /getOpenid/ => generated 28 bytes in 164 msecs (HTTP/1.1 200) 2 headers in 88 bytes (1 switches on core 0)
{'session_key': 'qv5i40e+5Soqd7+mXzOqeA==', 'openid': 'oAVAu5QK5gLVPsjX50q5X28jFU24'} <class 'dict'>
[pid: 20277|app: 0|req: 8/8] 111.114.39.73 () {50 vars in 755 bytes} [Sat May 12 10:37:33 2018] POST /getOpenid/ => generated 28 bytes in 182 msecs (HTTP/1.1 200) 2 headers in 88 bytes (1 switches on core 0)
{'session_key': 'qv5i40e+5Soqd7+mXzOqeA==', 'openid': 'oAVAu5QK5gLVPsjX50q5X28jFU24'} <class 'dict'>
[pid: 20277|app: 0|req: 9/9] 111.114.39.73 () {50 vars in 755 bytes} [Sat May 12 10:37:42 2018] POST /getOpenid/ => generated 28 bytes in 165 msecs (HTTP/1.1 200) 2 headers in 88 bytes (1 switches on core 0)
{'session_key': 'qv5i40e+5Soqd7+mXzOqeA==', 'openid': 'oAVAu5QK5gLVPsjX50q5X28jFU24'} <class 'dict'>
[pid: 20277|app: 0|req: 10/10] 111.114.39.73 () {50 vars in 755 bytes} [Sat May 12 10:39:22 2018] POST /getOpenid/ => generated 28 bytes in 152 msecs (HTTP/1.1 200) 2 headers in 88 bytes (1 switches on core 0)
{'session_key': 'qv5i40e+5Soqd7+mXzOqeA==', 'openid': 'oAVAu5QK5gLVPsjX50q5X28jFU24'} <class 'dict'>
[pid: 20277|app: 0|req: 11/11] 111.114.39.73 () {50 vars in 755 bytes} [Sat May 12 10:39:31 2018] POST /getOpenid/ => generated 28 bytes in 129 msecs (HTTP/1.1 200) 2 headers in 88 bytes (1 switches on core 0)
{'session_key': 'wGbGdcxjHH2Gg/62ppCubw==', 'openid': 'oAVAu5QK5gLVPsjX50q5X28jFU24'} <class 'dict'>
[pid: 20277|app: 0|req: 12/12] 111.114.39.73 () {50 vars in 755 bytes} [Sat May 12 10:46:17 2018] POST /getOpenid/ => generated 28 bytes in 309 msecs (HTTP/1.1 200) 2 headers in 88 bytes (1 switches on core 0)
{'session_key': 'wGbGdcxjHH2Gg/62ppCubw==', 'openid': 'oAVAu5QK5gLVPsjX50q5X28jFU24'} <class 'dict'>
[pid: 20277|app: 0|req: 13/13] 111.114.39.73 () {50 vars in 755 bytes} [Sat May 12 10:47:21 2018] POST /getOpenid/ => generated 28 bytes in 165 msecs (HTTP/1.1 200) 2 headers in 88 bytes (1 switches on core 0)
{'session_key': 'wGbGdcxjHH2Gg/62ppCubw==', 'openid': 'oAVAu5QK5gLVPsjX50q5X28jFU24'} <class 'dict'>
[pid: 20277|app: 0|req: 14/14] 111.114.39.73 () {50 vars in 755 bytes} [Sat May 12 10:47:43 2018] POST /getOpenid/ => generated 28 bytes in 141 msecs (HTTP/1.1 200) 2 headers in 88 bytes (1 switches on core 0)
{'session_key': 'mCrccSFQciAGDsDOhnTvKg==', 'openid': 'oAVAu5QK5gLVPsjX50q5X28jFU24'} <class 'dict'>
[pid: 20277|app: 0|req: 15/15] 111.114.39.73 () {50 vars in 755 bytes} [Sat May 12 10:49:17 2018] POST /getOpenid/ => generated 28 bytes in 163 msecs (HTTP/1.1 200) 2 headers in 88 bytes (1 switches on core 0)
{'session_key': 'mCrccSFQciAGDsDOhnTvKg==', 'openid': 'oAVAu5QK5gLVPsjX50q5X28jFU24'} <class 'dict'>
[pid: 20277|app: 0|req: 16/16] 111.114.39.73 () {50 vars in 755 bytes} [Sat May 12 10:49:55 2018] POST /getOpenid/ => generated 28 bytes in 168 msecs (HTTP/1.1 200) 2 headers in 88 bytes (1 switches on core 0)
{'session_key': 'Yp0DSmkEV+KVPkv6/is6RQ==', 'openid': 'oAVAu5QK5gLVPsjX50q5X28jFU24'} <class 'dict'>
[pid: 20277|app: 0|req: 17/17] 111.114.39.73 () {50 vars in 755 bytes} [Sat May 12 10:51:34 2018] POST /getOpenid/ => generated 28 bytes in 161 msecs (HTTP/1.1 200) 2 headers in 88 bytes (1 switches on core 0)
{'session_key': '/J0GNaNqV3U8orfMjBy7DQ==', 'openid': 'oAVAu5ZZNPO_61PqzLoUfz-FLh_A'} <class 'dict'>
[pid: 20277|app: 0|req: 18/18] 111.114.44.217 () {50 vars in 925 bytes} [Sat May 12 10:52:12 2018] POST /getOpenid/ => generated 28 bytes in 152 msecs (HTTP/1.1 200) 2 headers in 88 bytes (1 switches on core 0)
{'session_key': 'Yp0DSmkEV+KVPkv6/is6RQ==', 'openid': 'oAVAu5QK5gLVPsjX50q5X28jFU24'} <class 'dict'>
[pid: 20277|app: 0|req: 19/19] 111.114.39.73 () {50 vars in 755 bytes} [Sat May 12 10:53:32 2018] POST /getOpenid/ => generated 28 bytes in 149 msecs (HTTP/1.1 200) 2 headers in 88 bytes (1 switches on core 0)
{'session_key': 'hQNIOMpaGR/SZge42vY2Fw==', 'openid': 'oAVAu5QK5gLVPsjX50q5X28jFU24'} <class 'dict'>
[pid: 20277|app: 0|req: 20/20] 111.114.39.73 () {50 vars in 755 bytes} [Sat May 12 10:53:34 2018] POST /getOpenid/ => generated 28 bytes in 152 msecs (HTTP/1.1 200) 2 headers in 88 bytes (1 switches on core 0)
{'session_key': 'nKfWcjvpCIbW7qrXoBTpsQ==', 'openid': 'oAVAu5QK5gLVPsjX50q5X28jFU24'} <class 'dict'>
[pid: 20277|app: 0|req: 21/21] 111.114.39.73 () {50 vars in 755 bytes} [Sat May 12 10:53:42 2018] POST /getOpenid/ => generated 28 bytes in 139 msecs (HTTP/1.1 200) 2 headers in 88 bytes (1 switches on core 0)
{'session_key': 'FR5sB0mZN74shDN8nVMkdg==', 'openid': 'oAVAu5QK5gLVPsjX50q5X28jFU24'} <class 'dict'>
[pid: 20277|app: 0|req: 22/22] 111.114.39.73 () {50 vars in 755 bytes} [Sat May 12 10:59:34 2018] POST /getOpenid/ => generated 28 bytes in 151 msecs (HTTP/1.1 200) 2 headers in 88 bytes (1 switches on core 0)
{'session_key': 'FR5sB0mZN74shDN8nVMkdg==', 'openid': 'oAVAu5QK5gLVPsjX50q5X28jFU24'} <class 'dict'>
[pid: 20277|app: 0|req: 23/23] 111.114.39.73 () {50 vars in 755 bytes} [Sat May 12 11:01:00 2018] POST /getOpenid/ => generated 28 bytes in 152 msecs (HTTP/1.1 200) 2 headers in 88 bytes (1 switches on core 0)
{'session_key': 'Azt6IAnKMTD2ToZmUZ2Wtw==', 'openid': 'oAVAu5ZZNPO_61PqzLoUfz-FLh_A'} <class 'dict'>
[pid: 20277|app: 0|req: 24/24] 61.148.243.81 () {44 vars in 919 bytes} [Sat May 12 11:24:41 2018] POST /getOpenid/ => generated 28 bytes in 144 msecs (HTTP/1.1 200) 2 headers in 88 bytes (1 switches on core 0)
{'session_key': '7WTgymPkGlAh2hEZZBbI0Q==', 'openid': 'oAVAu5ZZNPO_61PqzLoUfz-FLh_A'} <class 'dict'>
[pid: 20277|app: 0|req: 25/25] 61.148.243.81 () {44 vars in 919 bytes} [Sat May 12 11:28:00 2018] POST /getOpenid/ => generated 28 bytes in 143 msecs (HTTP/1.1 200) 2 headers in 88 bytes (1 switches on core 0)
{'session_key': '/ywktLwNCLf1pz6FDmavXg==', 'openid': 'oAVAu5ZZNPO_61PqzLoUfz-FLh_A'} <class 'dict'>
[pid: 20277|app: 0|req: 26/26] 61.148.243.81 () {44 vars in 919 bytes} [Sat May 12 15:31:57 2018] POST /getOpenid/ => generated 28 bytes in 155 msecs (HTTP/1.1 200) 2 headers in 88 bytes (1 switches on core 0)
{'session_key': '3e7cm/W8Jlnl5yafCCZeTA==', 'openid': 'oAVAu5QK5gLVPsjX50q5X28jFU24'} <class 'dict'>
[pid: 20277|app: 0|req: 27/27] 111.114.39.73 () {50 vars in 755 bytes} [Sat May 12 17:07:18 2018] POST /getOpenid/ => generated 28 bytes in 181 msecs (HTTP/1.1 200) 2 headers in 88 bytes (1 switches on core 0)
Not Found: /
[pid: 20277|app: 0|req: 28/28] 149.28.123.208 () {30 vars in 340 bytes} [Sat May 12 17:37:38 2018] GET / => generated 2594 bytes in 5 msecs (HTTP/1.1 404) 2 headers in 80 bytes (1 switches on core 0)
